"gcc -o conftest -I/home/yury/.rbenv/versions/2.0.0-p247/include/ruby-2.0.0/i686-linux -I/home/yury/.rbenv/versions/2.0.0-p247/include/ruby-2.0.0/ruby/backward -I/home/yury/.rbenv/versions/2.0.0-p247/include/ruby-2.0.0 -I. -I/home/yury/.rbenv/versions/2.0.0-p247/include  -D_FILE_OFFSET_BITS=64   -O3 -fno-fast-math -ggdb3 -Wall -Wextra -Wno-unused-parameter -Wno-parentheses -Wno-long-long -Wno-missing-field-initializers -Wunused-variable -Wpointer-arith -Wwrite-strings -Wdeclaration-after-statement -Wimplicit-function-declaration conftest.c  -L. -L/home/yury/.rbenv/versions/2.0.0-p247/lib -Wl,-R/home/yury/.rbenv/versions/2.0.0-p247/lib -L. -L/home/yury/.rbenv/versions/2.0.0-p247/lib  -fstack-protector -rdynamic -Wl,-export-dynamic     -Wl,-R -Wl,/home/yury/.rbenv/versions/2.0.0-p247/lib -L/home/yury/.rbenv/versions/2.0.0-p247/lib -lruby-static  -lpthread -lrt -ldl -lcrypt -lm   -lc"
checked program was:
/* begin */
1: #include "ruby.h"
2: 
3: int main(int argc, char **argv)
4: {
5:   return 0;
6: }
/* end */

"gcc -I/home/yury/.rbenv/versions/2.0.0-p247/include/ruby-2.0.0/i686-linux -I/home/yury/.rbenv/versions/2.0.0-p247/include/ruby-2.0.0/ruby/backward -I/home/yury/.rbenv/versions/2.0.0-p247/include/ruby-2.0.0 -I. -I/home/yury/.rbenv/versions/2.0.0-p247/include  -D_FILE_OFFSET_BITS=64   -O3 -fno-fast-math -ggdb3 -Wall -Wextra -Wno-unused-parameter -Wno-parentheses -Wno-long-long -Wno-missing-field-initializers -Wunused-variable -Wpointer-arith -Wwrite-strings -Wdeclaration-after-statement -Wimplicit-function-declaration   -c conftest.c"
checked program was:
/* begin */
1: #include "ruby.h"
2: 
3: /*top*/
4: #ifndef __GNUC__
5: # error
6: |:/ === __GNUC__ undefined === /:|
7: #endif
/* end */

