++ sed -e 's/need_relink=yes/need_relink=no # no way --tml/'
++ mv ltmain.temp ltmain.sh
++ patch -p0
patching file `Makefile.in'
++ CC='gcc -mtune=pentium3 -mthreads -mms-bitfields'
++ CPPFLAGS='-I /devel/dist/win32/zlib-1.2.3/include'
++ LDFLAGS='-L/devel/dist/win32/zlib-1.2.3/lib -Wl,--enable-auto-image-base'
++ CFLAGS=-O2
++ ./configure --disable-static --without-libpng-compat --without-binconfigs --prefix=c:/devel/target/4c814631e37619e836612142f0b035ce
checking for a BSD-compatible install... /opt/local/bin/install -c
checking whether build environment is sane... yes
checking for a thread-safe mkdir -p... /bin/mkdir -p
checking for gawk... gawk
checking whether make sets $(MAKE)... yes
checking whether to enable maintainer-specific portions of Makefiles... no
checking for gcc... gcc -mtune=pentium3 -mthreads -mms-bitfields
checking for C compiler default output file name... a.exe
checking whether the C compiler works... yes
checking whether we are cross compiling... no
checking for suffix of executables... .exe
checking for suffix of object files... o
checking whether we are using the GNU C compiler... yes
checking whether gcc -mtune=pentium3 -mthreads -mms-bitfields accepts -g... yes
checking for gcc -mtune=pentium3 -mthreads -mms-bitfields option to accept ISO C89... none needed
checking for style of include used by make... GNU
checking dependency style of gcc -mtune=pentium3 -mthreads -mms-bitfields... gcc3
checking build system type... i686-pc-mingw32
checking host system type... i686-pc-mingw32
checking for a sed that does not truncate output... /bin/sed
checking for grep that handles long lines and -e... /opt/gnuwin32/bin/grep
checking for egrep... /opt/gnuwin32/bin/grep -E
checking for fgrep... /opt/gnuwin32/bin/grep -F
checking for ld used by gcc -mtune=pentium3 -mthreads -mms-bitfields... c:/opt/mingw/bin/../lib/gcc/mingw32/3.4.5/../../../../mingw32/bin/ld.exe
checking if the linker (c:/opt/mingw/bin/../lib/gcc/mingw32/3.4.5/../../../../mingw32/bin/ld.exe) is GNU ld... yes
checking how to run the C preprocessor... gcc -mtune=pentium3 -mthreads -mms-bitfields -E
checking for sed... /bin/sed
checking for as... as
checking for dlltool... dlltool
checking for objdump... objdump
checking for a BSD-compatible install... /opt/local/bin/install -c
checking whether ln -s works... no, using cp -p
checking whether make sets $(MAKE)... (cached) yes
checking for BSD- or MS-compatible name lister (nm)... /opt/mingw/bin/nm
checking the name lister (/opt/mingw/bin/nm) interface... BSD nm
checking the maximum length of command line arguments... 8192
checking whether the shell understands some XSI constructs... yes
checking whether the shell understands "+="... yes
checking for c:/opt/mingw/bin/../lib/gcc/mingw32/3.4.5/../../../../mingw32/bin/ld.exe option to reload object files... -r
checking how to recognize dependent libraries... file_magic ^x86 archive import|^x86 DLL
checking for ar... ar
checking for strip... strip
checking for ranlib... ranlib
checking command to parse /opt/mingw/bin/nm output from gcc -mtune=pentium3 -mthreads -mms-bitfields object... ok
checking for ANSI C header files... yes
checking for sys/types.h... yes
checking for sys/stat.h... yes
checking for stdlib.h... yes
checking for string.h... yes
checking for memory.h... yes
checking for strings.h... yes
checking for inttypes.h... yes
checking for stdint.h... yes
checking for unistd.h... yes
checking for dlfcn.h... no
checking for objdir... .libs
checking if gcc -mtune=pentium3 -mthreads -mms-bitfields supports -fno-rtti -fno-exceptions... no
checking for gcc -mtune=pentium3 -mthreads -mms-bitfields option to produce PIC... -DDLL_EXPORT -DPIC
checking if gcc -mtune=pentium3 -mthreads -mms-bitfields PIC flag -DDLL_EXPORT -DPIC works... yes
checking if gcc -mtune=pentium3 -mthreads -mms-bitfields static flag -static works... yes
checking if gcc -mtune=pentium3 -mthreads -mms-bitfields supports -c -o file.o... yes
checking if gcc -mtune=pentium3 -mthreads -mms-bitfields supports -c -o file.o... (cached) yes
checking whether the gcc -mtune=pentium3 -mthreads -mms-bitfields linker (c:/opt/mingw/bin/../lib/gcc/mingw32/3.4.5/../../../../mingw32/bin/ld.exe) supports shared libraries... yes
checking whether -lc should be explicitly linked in... yes
checking dynamic linker characteristics... Win32 ld.exe
checking how to hardcode library paths into programs... immediate
checking whether stripping libraries is possible... yes
checking if libtool supports shared libraries... yes
checking whether to build shared libraries... yes
checking whether to build static libraries... no
checking for ANSI C header files... (cached) yes
checking malloc.h usability... yes
checking malloc.h presence... yes
checking for malloc.h... yes
checking for stdlib.h... (cached) yes
checking for string.h... (cached) yes
checking for strings.h... (cached) yes
checking for an ANSI C-conforming const... yes
checking for size_t... yes
checking whether struct tm is in sys/time.h or time.h... time.h
checking for working strtod... yes
checking for memset... yes
checking for pow... yes
checking for zlibVersion in -lz... yes
checking if assembler code in pnggccrd.c can be compiled without PNG_NO_MMX_CODE... yes
checking if libraries can be versioned... yes
checking for symbol prefix... _
configure: pkgconfig directory is ${libdir}/pkgconfig
configure: libpng-config scripts will not be built
configure: libpng.so will not be built
configure: creating ./config.status
config.status: creating Makefile
config.status: creating libpng.pc
config.status: creating libpng-config
config.status: creating config.h
config.status: executing depfiles commands
config.status: executing libtool commands
++ make install
/bin/sh ./libtool --tag=CC   --mode=compile gcc -mtune=pentium3 -mthreads -mms-bitfields -DHAVE_CONFIG_H -I.  -DPNG_CONFIGURE_LIBPNG  -I /devel/dist/win32/zlib-1.2.3/include  -O2 -MT libpng12_la-png.lo -MD -MP -MF .deps/libpng12_la-png.Tpo -c -o libpng12_la-png.lo `test -f 'png.c' || echo './'`png.c
libtool: compile:  gcc -mtune=pentium3 -mthreads -mms-bitfields -DHAVE_CONFIG_H -I. -DPNG_CONFIGURE_LIBPNG -I /devel/dist/win32/zlib-1.2.3/include -O2 -MT libpng12_la-png.lo -MD -MP -MF .deps/libpng12_la-png.Tpo -c png.c  -DDLL_EXPORT -DPIC -o .libs/libpng12_la-png.o
mv -f .deps/libpng12_la-png.Tpo .deps/libpng12_la-png.Plo
/bin/sh ./libtool --tag=CC   --mode=compile gcc -mtune=pentium3 -mthreads -mms-bitfields -DHAVE_CONFIG_H -I.  -DPNG_CONFIGURE_LIBPNG  -I /devel/dist/win32/zlib-1.2.3/include  -O2 -MT libpng12_la-pngset.lo -MD -MP -MF .deps/libpng12_la-pngset.Tpo -c -o libpng12_la-pngset.lo `test -f 'pngset.c' || echo './'`pngset.c
libtool: compile:  gcc -mtune=pentium3 -mthreads -mms-bitfields -DHAVE_CONFIG_H -I. -DPNG_CONFIGURE_LIBPNG -I /devel/dist/win32/zlib-1.2.3/include -O2 -MT libpng12_la-pngset.lo -MD -MP -MF .deps/libpng12_la-pngset.Tpo -c pngset.c  -DDLL_EXPORT -DPIC -o .libs/libpng12_la-pngset.o
mv -f .deps/libpng12_la-pngset.Tpo .deps/libpng12_la-pngset.Plo
/bin/sh ./libtool --tag=CC   --mode=compile gcc -mtune=pentium3 -mthreads -mms-bitfields -DHAVE_CONFIG_H -I.  -DPNG_CONFIGURE_LIBPNG  -I /devel/dist/win32/zlib-1.2.3/include  -O2 -MT libpng12_la-pngget.lo -MD -MP -MF .deps/libpng12_la-pngget.Tpo -c -o libpng12_la-pngget.lo `test -f 'pngget.c' || echo './'`pngget.c
libtool: compile:  gcc -mtune=pentium3 -mthreads -mms-bitfields -DHAVE_CONFIG_H -I. -DPNG_CONFIGURE_LIBPNG -I /devel/dist/win32/zlib-1.2.3/include -O2 -MT libpng12_la-pngget.lo -MD -MP -MF .deps/libpng12_la-pngget.Tpo -c pngget.c  -DDLL_EXPORT -DPIC -o .libs/libpng12_la-pngget.o
mv -f .deps/libpng12_la-pngget.Tpo .deps/libpng12_la-pngget.Plo
/bin/sh ./libtool --tag=CC   --mode=compile gcc -mtune=pentium3 -mthreads -mms-bitfields -DHAVE_CONFIG_H -I.  -DPNG_CONFIGURE_LIBPNG  -I /devel/dist/win32/zlib-1.2.3/include  -O2 -MT libpng12_la-pngrutil.lo -MD -MP -MF .deps/libpng12_la-pngrutil.Tpo -c -o libpng12_la-pngrutil.lo `test -f 'pngrutil.c' || echo './'`pngrutil.c
libtool: compile:  gcc -mtune=pentium3 -mthreads -mms-bitfields -DHAVE_CONFIG_H -I. -DPNG_CONFIGURE_LIBPNG -I /devel/dist/win32/zlib-1.2.3/include -O2 -MT libpng12_la-pngrutil.lo -MD -MP -MF .deps/libpng12_la-pngrutil.Tpo -c pngrutil.c  -DDLL_EXPORT -DPIC -o .libs/libpng12_la-pngrutil.o
mv -f .deps/libpng12_la-pngrutil.Tpo .deps/libpng12_la-pngrutil.Plo
/bin/sh ./libtool --tag=CC   --mode=compile gcc -mtune=pentium3 -mthreads -mms-bitfields -DHAVE_CONFIG_H -I.  -DPNG_CONFIGURE_LIBPNG  -I /devel/dist/win32/zlib-1.2.3/include  -O2 -MT libpng12_la-pngtrans.lo -MD -MP -MF .deps/libpng12_la-pngtrans.Tpo -c -o libpng12_la-pngtrans.lo `test -f 'pngtrans.c' || echo './'`pngtrans.c
libtool: compile:  gcc -mtune=pentium3 -mthreads -mms-bitfields -DHAVE_CONFIG_H -I. -DPNG_CONFIGURE_LIBPNG -I /devel/dist/win32/zlib-1.2.3/include -O2 -MT libpng12_la-pngtrans.lo -MD -MP -MF .deps/libpng12_la-pngtrans.Tpo -c pngtrans.c  -DDLL_EXPORT -DPIC -o .libs/libpng12_la-pngtrans.o
mv -f .deps/libpng12_la-pngtrans.Tpo .deps/libpng12_la-pngtrans.Plo
/bin/sh ./libtool --tag=CC   --mode=compile gcc -mtune=pentium3 -mthreads -mms-bitfields -DHAVE_CONFIG_H -I.  -DPNG_CONFIGURE_LIBPNG  -I /devel/dist/win32/zlib-1.2.3/include  -O2 -MT libpng12_la-pngwutil.lo -MD -MP -MF .deps/libpng12_la-pngwutil.Tpo -c -o libpng12_la-pngwutil.lo `test -f 'pngwutil.c' || echo './'`pngwutil.c
libtool: compile:  gcc -mtune=pentium3 -mthreads -mms-bitfields -DHAVE_CONFIG_H -I. -DPNG_CONFIGURE_LIBPNG -I /devel/dist/win32/zlib-1.2.3/include -O2 -MT libpng12_la-pngwutil.lo -MD -MP -MF .deps/libpng12_la-pngwutil.Tpo -c pngwutil.c  -DDLL_EXPORT -DPIC -o .libs/libpng12_la-pngwutil.o
mv -f .deps/libpng12_la-pngwutil.Tpo .deps/libpng12_la-pngwutil.Plo
/bin/sh ./libtool --tag=CC   --mode=compile gcc -mtune=pentium3 -mthreads -mms-bitfields -DHAVE_CONFIG_H -I.  -DPNG_CONFIGURE_LIBPNG  -I /devel/dist/win32/zlib-1.2.3/include  -O2 -MT libpng12_la-pngread.lo -MD -MP -MF .deps/libpng12_la-pngread.Tpo -c -o libpng12_la-pngread.lo `test -f 'pngread.c' || echo './'`pngread.c
libtool: compile:  gcc -mtune=pentium3 -mthreads -mms-bitfields -DHAVE_CONFIG_H -I. -DPNG_CONFIGURE_LIBPNG -I /devel/dist/win32/zlib-1.2.3/include -O2 -MT libpng12_la-pngread.lo -MD -MP -MF .deps/libpng12_la-pngread.Tpo -c pngread.c  -DDLL_EXPORT -DPIC -o .libs/libpng12_la-pngread.o
mv -f .deps/libpng12_la-pngread.Tpo .deps/libpng12_la-pngread.Plo
/bin/sh ./libtool --tag=CC   --mode=compile gcc -mtune=pentium3 -mthreads -mms-bitfields -DHAVE_CONFIG_H -I.  -DPNG_CONFIGURE_LIBPNG  -I /devel/dist/win32/zlib-1.2.3/include  -O2 -MT libpng12_la-pngrio.lo -MD -MP -MF .deps/libpng12_la-pngrio.Tpo -c -o libpng12_la-pngrio.lo `test -f 'pngrio.c' || echo './'`pngrio.c
libtool: compile:  gcc -mtune=pentium3 -mthreads -mms-bitfields -DHAVE_CONFIG_H -I. -DPNG_CONFIGURE_LIBPNG -I /devel/dist/win32/zlib-1.2.3/include -O2 -MT libpng12_la-pngrio.lo -MD -MP -MF .deps/libpng12_la-pngrio.Tpo -c pngrio.c  -DDLL_EXPORT -DPIC -o .libs/libpng12_la-pngrio.o
mv -f .deps/libpng12_la-pngrio.Tpo .deps/libpng12_la-pngrio.Plo
/bin/sh ./libtool --tag=CC   --mode=compile gcc -mtune=pentium3 -mthreads -mms-bitfields -DHAVE_CONFIG_H -I.  -DPNG_CONFIGURE_LIBPNG  -I /devel/dist/win32/zlib-1.2.3/include  -O2 -MT libpng12_la-pngwio.lo -MD -MP -MF .deps/libpng12_la-pngwio.Tpo -c -o libpng12_la-pngwio.lo `test -f 'pngwio.c' || echo './'`pngwio.c
libtool: compile:  gcc -mtune=pentium3 -mthreads -mms-bitfields -DHAVE_CONFIG_H -I. -DPNG_CONFIGURE_LIBPNG -I /devel/dist/win32/zlib-1.2.3/include -O2 -MT libpng12_la-pngwio.lo -MD -MP -MF .deps/libpng12_la-pngwio.Tpo -c pngwio.c  -DDLL_EXPORT -DPIC -o .libs/libpng12_la-pngwio.o
mv -f .deps/libpng12_la-pngwio.Tpo .deps/libpng12_la-pngwio.Plo
/bin/sh ./libtool --tag=CC   --mode=compile gcc -mtune=pentium3 -mthreads -mms-bitfields -DHAVE_CONFIG_H -I.  -DPNG_CONFIGURE_LIBPNG  -I /devel/dist/win32/zlib-1.2.3/include  -O2 -MT libpng12_la-pngwrite.lo -MD -MP -MF .deps/libpng12_la-pngwrite.Tpo -c -o libpng12_la-pngwrite.lo `test -f 'pngwrite.c' || echo './'`pngwrite.c
libtool: compile:  gcc -mtune=pentium3 -mthreads -mms-bitfields -DHAVE_CONFIG_H -I. -DPNG_CONFIGURE_LIBPNG -I /devel/dist/win32/zlib-1.2.3/include -O2 -MT libpng12_la-pngwrite.lo -MD -MP -MF .deps/libpng12_la-pngwrite.Tpo -c pngwrite.c  -DDLL_EXPORT -DPIC -o .libs/libpng12_la-pngwrite.o
mv -f .deps/libpng12_la-pngwrite.Tpo .deps/libpng12_la-pngwrite.Plo
/bin/sh ./libtool --tag=CC   --mode=compile gcc -mtune=pentium3 -mthreads -mms-bitfields -DHAVE_CONFIG_H -I.  -DPNG_CONFIGURE_LIBPNG  -I /devel/dist/win32/zlib-1.2.3/include  -O2 -MT libpng12_la-pngrtran.lo -MD -MP -MF .deps/libpng12_la-pngrtran.Tpo -c -o libpng12_la-pngrtran.lo `test -f 'pngrtran.c' || echo './'`pngrtran.c
libtool: compile:  gcc -mtune=pentium3 -mthreads -mms-bitfields -DHAVE_CONFIG_H -I. -DPNG_CONFIGURE_LIBPNG -I /devel/dist/win32/zlib-1.2.3/include -O2 -MT libpng12_la-pngrtran.lo -MD -MP -MF .deps/libpng12_la-pngrtran.Tpo -c pngrtran.c  -DDLL_EXPORT -DPIC -o .libs/libpng12_la-pngrtran.o
mv -f .deps/libpng12_la-pngrtran.Tpo .deps/libpng12_la-pngrtran.Plo
/bin/sh ./libtool --tag=CC   --mode=compile gcc -mtune=pentium3 -mthreads -mms-bitfields -DHAVE_CONFIG_H -I.  -DPNG_CONFIGURE_LIBPNG  -I /devel/dist/win32/zlib-1.2.3/include  -O2 -MT libpng12_la-pngwtran.lo -MD -MP -MF .deps/libpng12_la-pngwtran.Tpo -c -o libpng12_la-pngwtran.lo `test -f 'pngwtran.c' || echo './'`pngwtran.c
libtool: compile:  gcc -mtune=pentium3 -mthreads -mms-bitfields -DHAVE_CONFIG_H -I. -DPNG_CONFIGURE_LIBPNG -I /devel/dist/win32/zlib-1.2.3/include -O2 -MT libpng12_la-pngwtran.lo -MD -MP -MF .deps/libpng12_la-pngwtran.Tpo -c pngwtran.c  -DDLL_EXPORT -DPIC -o .libs/libpng12_la-pngwtran.o
mv -f .deps/libpng12_la-pngwtran.Tpo .deps/libpng12_la-pngwtran.Plo
/bin/sh ./libtool --tag=CC   --mode=compile gcc -mtune=pentium3 -mthreads -mms-bitfields -DHAVE_CONFIG_H -I.  -DPNG_CONFIGURE_LIBPNG  -I /devel/dist/win32/zlib-1.2.3/include  -O2 -MT libpng12_la-pngmem.lo -MD -MP -MF .deps/libpng12_la-pngmem.Tpo -c -o libpng12_la-pngmem.lo `test -f 'pngmem.c' || echo './'`pngmem.c
libtool: compile:  gcc -mtune=pentium3 -mthreads -mms-bitfields -DHAVE_CONFIG_H -I. -DPNG_CONFIGURE_LIBPNG -I /devel/dist/win32/zlib-1.2.3/include -O2 -MT libpng12_la-pngmem.lo -MD -MP -MF .deps/libpng12_la-pngmem.Tpo -c pngmem.c  -DDLL_EXPORT -DPIC -o .libs/libpng12_la-pngmem.o
mv -f .deps/libpng12_la-pngmem.Tpo .deps/libpng12_la-pngmem.Plo
/bin/sh ./libtool --tag=CC   --mode=compile gcc -mtune=pentium3 -mthreads -mms-bitfields -DHAVE_CONFIG_H -I.  -DPNG_CONFIGURE_LIBPNG  -I /devel/dist/win32/zlib-1.2.3/include  -O2 -MT libpng12_la-pngerror.lo -MD -MP -MF .deps/libpng12_la-pngerror.Tpo -c -o libpng12_la-pngerror.lo `test -f 'pngerror.c' || echo './'`pngerror.c
libtool: compile:  gcc -mtune=pentium3 -mthreads -mms-bitfields -DHAVE_CONFIG_H -I. -DPNG_CONFIGURE_LIBPNG -I /devel/dist/win32/zlib-1.2.3/include -O2 -MT libpng12_la-pngerror.lo -MD -MP -MF .deps/libpng12_la-pngerror.Tpo -c pngerror.c  -DDLL_EXPORT -DPIC -o .libs/libpng12_la-pngerror.o
mv -f .deps/libpng12_la-pngerror.Tpo .deps/libpng12_la-pngerror.Plo
/bin/sh ./libtool --tag=CC   --mode=compile gcc -mtune=pentium3 -mthreads -mms-bitfields -DHAVE_CONFIG_H -I.  -DPNG_CONFIGURE_LIBPNG  -I /devel/dist/win32/zlib-1.2.3/include  -O2 -MT libpng12_la-pngpread.lo -MD -MP -MF .deps/libpng12_la-pngpread.Tpo -c -o libpng12_la-pngpread.lo `test -f 'pngpread.c' || echo './'`pngpread.c
libtool: compile:  gcc -mtune=pentium3 -mthreads -mms-bitfields -DHAVE_CONFIG_H -I. -DPNG_CONFIGURE_LIBPNG -I /devel/dist/win32/zlib-1.2.3/include -O2 -MT libpng12_la-pngpread.lo -MD -MP -MF .deps/libpng12_la-pngpread.Tpo -c pngpread.c  -DDLL_EXPORT -DPIC -o .libs/libpng12_la-pngpread.o
mv -f .deps/libpng12_la-pngpread.Tpo .deps/libpng12_la-pngpread.Plo
rm -f libpng.sym libpng.sym.new
gcc -mtune=pentium3 -mthreads -mms-bitfields -E -DPNG_CONFIGURE_LIBPNG  -I /devel/dist/win32/zlib-1.2.3/include -DPNG_BUILDSYMS ./png.h | \
		/bin/sed -n -e \
		's|^.*PNG_FUNCTION_EXPORT[ 	]*\(['_abcdefghijklmnopqrstuvwxyzABCDEFGHIJKLMNOPQRSTUVWXYZ0123456789']*\).*$|_\1|p' \
		-e 's|^.*PNG_DATA_EXPORT[ 	]*\(['_abcdefghijklmnopqrstuvwxyzABCDEFGHIJKLMNOPQRSTUVWXYZ0123456789']*\).*$|_\1|p' \
			>libpng.sym.new
mv libpng.sym.new libpng.sym
rm -f libpng.vers libpng.vers.new
echo PNG12_0 '{global:' > libpng.vers.new
/bin/sed s/$/\;/ libpng.sym >> libpng.vers.new
echo 'local: *; };' >> libpng.vers.new
mv libpng.vers.new libpng.vers
/bin/sh ./libtool --tag=CC   --mode=link gcc -mtune=pentium3 -mthreads -mms-bitfields  -O2 -no-undefined -export-dynamic -version-number 0:32:0 -Wl,--version-script=libpng.vers  -L/devel/dist/win32/zlib-1.2.3/lib -Wl,--enable-auto-image-base -o libpng12.la -rpath c:/devel/target/4c814631e37619e836612142f0b035ce/lib libpng12_la-png.lo libpng12_la-pngset.lo libpng12_la-pngget.lo libpng12_la-pngrutil.lo libpng12_la-pngtrans.lo libpng12_la-pngwutil.lo libpng12_la-pngread.lo libpng12_la-pngrio.lo libpng12_la-pngwio.lo libpng12_la-pngwrite.lo libpng12_la-pngrtran.lo libpng12_la-pngwtran.lo libpng12_la-pngmem.lo libpng12_la-pngerror.lo libpng12_la-pngpread.lo  -lz 
libtool: link: gcc -mtune=pentium3 -mthreads -mms-bitfields -shared  .libs/libpng12_la-png.o .libs/libpng12_la-pngset.o .libs/libpng12_la-pngget.o .libs/libpng12_la-pngrutil.o .libs/libpng12_la-pngtrans.o .libs/libpng12_la-pngwutil.o .libs/libpng12_la-pngread.o .libs/libpng12_la-pngrio.o .libs/libpng12_la-pngwio.o .libs/libpng12_la-pngwrite.o .libs/libpng12_la-pngrtran.o .libs/libpng12_la-pngwtran.o .libs/libpng12_la-pngmem.o .libs/libpng12_la-pngerror.o .libs/libpng12_la-pngpread.o   -L/devel/dist/win32/zlib-1.2.3/lib -lz  -mtune=pentium3 -mthreads -mms-bitfields -Wl,--version-script=libpng.vers -Wl,--enable-auto-image-base   -mthreads -o .libs/libpng12-0.dll -Wl,--enable-auto-image-base -Xlinker --out-implib -Xlinker .libs/libpng12.dll.a
Creating library file: .libs/libpng12.dll.a
libtool: link: ( cd ".libs" && rm -f "libpng12.la" && cp -p "../libpng12.la" "libpng12.la" )
cp libpng.pc libpng12.pc
make[1]: Entering directory `/devel/src/libpng/1.2.32-1_win32'
test -z "c:/devel/target/4c814631e37619e836612142f0b035ce/bin" || /bin/mkdir -p "c:/devel/target/4c814631e37619e836612142f0b035ce/bin"
test -z "c:/devel/target/4c814631e37619e836612142f0b035ce/lib" || /bin/mkdir -p "c:/devel/target/4c814631e37619e836612142f0b035ce/lib"
 /bin/sh ./libtool   --mode=install /opt/local/bin/install -c  'libpng12.la' 'c:/devel/target/4c814631e37619e836612142f0b035ce/lib/libpng12.la'
libtool: install: /opt/local/bin/install -c .libs/libpng12.dll.a c:/devel/target/4c814631e37619e836612142f0b035ce/lib/libpng12.dll.a
libtool: install: base_file=`basename libpng12.la`
libtool: install:  dlpath=`/bin/sh 2>&1 -c '. .libs/'libpng12.la'i; echo libpng12-0.dll'`
libtool: install:  dldir=c:/devel/target/4c814631e37619e836612142f0b035ce/lib/`dirname ../bin/libpng12-0.dll`
libtool: install:  test -d c:/devel/target/4c814631e37619e836612142f0b035ce/lib/../bin || mkdir -p c:/devel/target/4c814631e37619e836612142f0b035ce/lib/../bin
libtool: install:  /opt/local/bin/install -c .libs/libpng12-0.dll c:/devel/target/4c814631e37619e836612142f0b035ce/lib/../bin/libpng12-0.dll
libtool: install:  chmod a+x c:/devel/target/4c814631e37619e836612142f0b035ce/lib/../bin/libpng12-0.dll
libtool: install:  if test -n '' && test -n 'strip --strip-unneeded'; then eval 'strip --strip-unneeded c:/devel/target/4c814631e37619e836612142f0b035ce/lib/../bin/libpng12-0.dll' || exit 0; fi
libtool: install: /opt/local/bin/install -c .libs/libpng12.lai c:/devel/target/4c814631e37619e836612142f0b035ce/lib/libpng12.la
----------------------------------------------------------------------
Libraries have been installed in:
   c:/devel/target/4c814631e37619e836612142f0b035ce/lib

If you ever happen to want to link against installed libraries
in a given directory, LIBDIR, you must either use libtool, and
specify the full pathname of the library, or use the `-LLIBDIR'
flag during linking and do at least one of the following:
   - add LIBDIR to the `PATH' environment variable
     during execution
   - add LIBDIR to the `LD_RUN_PATH' environment variable
     during linking
   - use the `-LLIBDIR' linker flag

See any operating system documentation about shared libraries for
more information, such as the ld(1) and ld.so(8) manual pages.
----------------------------------------------------------------------
make  install-exec-hook
make[2]: Entering directory `/devel/src/libpng/1.2.32-1_win32'
cd c:/devel/target/4c814631e37619e836612142f0b035ce/bin; rm -f libpng-config
cd c:/devel/target/4c814631e37619e836612142f0b035ce/bin; cp -p libpng12-config libpng-config
cp: cannot stat `libpng12-config': No such file or directory
make[2]: [install-exec-hook] Error 1 (ignored)
+ cd c:/devel/target/4c814631e37619e836612142f0b035ce/lib
+ for ext in a la so sl dylib
+ rm -f libpng.a
+ test -f libpng12.a
+ for ext in a la so sl dylib
+ rm -f libpng.la
+ test -f libpng12.la
+ cp -p libpng12.la libpng.la
+ for ext in a la so sl dylib
+ rm -f libpng.so
+ test -f libpng12.so
+ for ext in a la so sl dylib
+ rm -f libpng.sl
+ test -f libpng12.sl
+ for ext in a la so sl dylib
+ rm -f libpng.dylib
+ test -f libpng12.dylib
make[2]: Leaving directory `/devel/src/libpng/1.2.32-1_win32'
test -z "c:/devel/target/4c814631e37619e836612142f0b035ce/share/man/man3" || /bin/mkdir -p "c:/devel/target/4c814631e37619e836612142f0b035ce/share/man/man3"
 /opt/local/bin/install -c -m 644 './libpng.3' 'c:/devel/target/4c814631e37619e836612142f0b035ce/share/man/man3/libpng.3'
 /opt/local/bin/install -c -m 644 './libpngpf.3' 'c:/devel/target/4c814631e37619e836612142f0b035ce/share/man/man3/libpngpf.3'
test -z "c:/devel/target/4c814631e37619e836612142f0b035ce/share/man/man5" || /bin/mkdir -p "c:/devel/target/4c814631e37619e836612142f0b035ce/share/man/man5"
 /opt/local/bin/install -c -m 644 './png.5' 'c:/devel/target/4c814631e37619e836612142f0b035ce/share/man/man5/png.5'
test -z "c:/devel/target/4c814631e37619e836612142f0b035ce/lib/pkgconfig" || /bin/mkdir -p "c:/devel/target/4c814631e37619e836612142f0b035ce/lib/pkgconfig"
 /opt/local/bin/install -c -m 644 'libpng12.pc' 'c:/devel/target/4c814631e37619e836612142f0b035ce/lib/pkgconfig/libpng12.pc'
test -z "c:/devel/target/4c814631e37619e836612142f0b035ce/include/libpng12" || /bin/mkdir -p "c:/devel/target/4c814631e37619e836612142f0b035ce/include/libpng12"
 /opt/local/bin/install -c -m 644 'png.h' 'c:/devel/target/4c814631e37619e836612142f0b035ce/include/libpng12/png.h'
 /opt/local/bin/install -c -m 644 'pngconf.h' 'c:/devel/target/4c814631e37619e836612142f0b035ce/include/libpng12/pngconf.h'
make  install-data-hook
make[2]: Entering directory `/devel/src/libpng/1.2.32-1_win32'
cd c:/devel/target/4c814631e37619e836612142f0b035ce/include; rm -f png.h pngconf.h
cd c:/devel/target/4c814631e37619e836612142f0b035ce/include; cp -p libpng12/png.h png.h
cd c:/devel/target/4c814631e37619e836612142f0b035ce/include; cp -p libpng12/pngconf.h pngconf.h
cd c:/devel/target/4c814631e37619e836612142f0b035ce/lib/pkgconfig; rm -f libpng.pc
cd c:/devel/target/4c814631e37619e836612142f0b035ce/lib/pkgconfig; cp -p libpng12.pc libpng.pc
make[2]: Leaving directory `/devel/src/libpng/1.2.32-1_win32'
make[1]: Leaving directory `/devel/src/libpng/1.2.32-1_win32'
++ rm -f /tmp/libpng_1.2.32-1_win32.zip /tmp/libpng-dev_1.2.32-1_win32.zip
++ cd /devel/target/4c814631e37619e836612142f0b035ce
++ zip /tmp/libpng_1.2.32-1_win32.zip bin/libpng12-0.dll
  adding: bin/libpng12-0.dll (224 bytes security) (deflated 55%)
++ zip -r -D /tmp/libpng-dev_1.2.32-1_win32.zip include
  adding: include/libpng12/png.h (224 bytes security) (deflated 77%)
  adding: include/libpng12/pngconf.h (224 bytes security) (deflated 73%)
  adding: include/png.h (224 bytes security) (deflated 77%)
  adding: include/pngconf.h (224 bytes security) (deflated 73%)
++ zip /tmp/libpng-dev_1.2.32-1_win32.zip lib/libpng12.dll.a
  adding: lib/libpng12.dll.a (224 bytes security) (deflated 93%)
++ pexports bin/libpng12-0.dll
++ lib -machine:X86 -def:lib/libpng.def -name:libpng12-0.dll -out:lib/libpng.lib
Microsoft (R) Library Manager Version 6.00.8447
Copyright (C) Microsoft Corp 1992-1998. All rights reserved.

   Creating library lib/libpng.lib and object lib/libpng.exp
++ zip /tmp/libpng-dev_1.2.32-1_win32.zip lib/libpng.def lib/libpng.lib
  adding: lib/libpng.def (224 bytes security) (deflated 74%)
  adding: lib/libpng.lib (224 bytes security) (deflated 86%)
++ zip /tmp/libpng-dev_1.2.32-1_win32.zip lib/pkgconfig/libpng.pc lib/pkgconfig/libpng12.pc
  adding: lib/pkgconfig/libpng.pc (224 bytes security) (deflated 29%)
  adding: lib/pkgconfig/libpng12.pc (224 bytes security) (deflated 29%)
++ zip -r -D /tmp/libpng-dev_1.2.32-1_win32.zip share/man
  adding: share/man/man3/libpng.3 (224 bytes security) (deflated 72%)
  adding: share/man/man3/libpngpf.3 (224 bytes security) (deflated 88%)
  adding: share/man/man5/png.5 (224 bytes security) (deflated 53%)
